::1 - - [01/Aug/2021:12:40:46 +0000] "GET / HTTP/1.1" 200 4415 "http://localhost:8000/" "Mozilla/5.0 (Windows NT 10.0; Win64; x64) AppleWebKit/537.36 (KHTML, like Gecko) Chrome/92.0.4515.107 Safari/537.36"
::1 - - [01/Aug/2021:12:40:51 +0000] "GET / HTTP/1.1" 304 - "http://localhost:8000/" "Mozilla/5.0 (Windows NT 10.0; Win64; x64) AppleWebKit/537.36 (KHTML, like Gecko) Chrome/92.0.4515.107 Safari/537.36"
::1 - - [01/Aug/2021:12:40:59 +0000] "GET /users/sign-in HTTP/1.1" 304 - "http://localhost:8000/" "Mozilla/5.0 (Windows NT 10.0; Win64; x64) AppleWebKit/537.36 (KHTML, like Gecko) Chrome/92.0.4515.107 Safari/537.36"
::1 - - [01/Aug/2021:12:41:01 +0000] "GET / HTTP/1.1" 304 - "http://localhost:8000/users/sign-in" "Mozilla/5.0 (Windows NT 10.0; Win64; x64) AppleWebKit/537.36 (KHTML, like Gecko) Chrome/92.0.4515.107 Safari/537.36"
[0mGET / [32m200[0m 191.596 ms - 6227[0m
[0mGET /users/sign-in [36m304[0m 33.762 ms - -[0m
[0mPOST /users/create-session [36m302[0m 131.005 ms - 46[0m
[0mGET / [32m200[0m 95.460 ms - 10030[0m
[0mPOST /comments/create [36m302[0m 1327.764 ms - 46[0m
[0mGET / [32m200[0m 45.048 ms - 10856[0m
[0mPOST /likes/toggle/?id=6103e852f9382128bc813ee3&type=Post [32m200[0m 13.218 ms - 59[0m
[0mGET /users/sign-out [36m302[0m 7.329 ms - 46[0m
[0mGET / [32m200[0m 57.143 ms - 6924[0m
::1 - - [02/Aug/2021:19:54:14 +0000] "GET / HTTP/1.1" 200 4415 "-" "Mozilla/5.0 (Windows NT 10.0; Win64; x64) AppleWebKit/537.36 (KHTML, like Gecko) Chrome/92.0.4515.107 Safari/537.36"
::1 - - [02/Aug/2021:19:54:15 +0000] "GET /favicon.ico HTTP/1.1" 404 150 "http://localhost:8000/" "Mozilla/5.0 (Windows NT 10.0; Win64; x64) AppleWebKit/537.36 (KHTML, like Gecko) Chrome/92.0.4515.107 Safari/537.36"
::1 - - [02/Aug/2021:19:54:17 +0000] "GET /users/sign-in HTTP/1.1" 200 2302 "http://localhost:8000/" "Mozilla/5.0 (Windows NT 10.0; Win64; x64) AppleWebKit/537.36 (KHTML, like Gecko) Chrome/92.0.4515.107 Safari/537.36"
::1 - - [02/Aug/2021:19:54:23 +0000] "POST /users/create-session HTTP/1.1" 302 46 "http://localhost:8000/users/sign-in" "Mozilla/5.0 (Windows NT 10.0; Win64; x64) AppleWebKit/537.36 (KHTML, like Gecko) Chrome/92.0.4515.107 Safari/537.36"
::1 - - [02/Aug/2021:19:54:23 +0000] "GET / HTTP/1.1" 200 6272 "http://localhost:8000/users/sign-in" "Mozilla/5.0 (Windows NT 10.0; Win64; x64) AppleWebKit/537.36 (KHTML, like Gecko) Chrome/92.0.4515.107 Safari/537.36"
::1 - - [02/Aug/2021:19:54:32 +0000] "GET /users/profile/610681f20ed1051f90d4f997 HTTP/1.1" 200 2050 "http://localhost:8000/" "Mozilla/5.0 (Windows NT 10.0; Win64; x64) AppleWebKit/537.36 (KHTML, like Gecko) Chrome/92.0.4515.107 Safari/537.36"
::1 - - [02/Aug/2021:19:54:38 +0000] "GET / HTTP/1.1" 200 6081 "http://localhost:8000/users/profile/610681f20ed1051f90d4f997" "Mozilla/5.0 (Windows NT 10.0; Win64; x64) AppleWebKit/537.36 (KHTML, like Gecko) Chrome/92.0.4515.107 Safari/537.36"
[0mGET / [32m200[0m 613.415 ms - 6735[0m
[0mGET /users/sign-in [36m304[0m 19.638 ms - -[0m
[0mPOST /users/create-session [36m302[0m 603.678 ms - 46[0m
[0mGET / [32m200[0m 372.404 ms - 10863[0m
[0mGET /users/profile/6103e6b4f9382128bc813ed7 [32m200[0m 19.048 ms - 2093[0m
[0mGET /users/profile/6103e6b4f9382128bc813ed7 [32m200[0m 207.237 ms - 2295[0m
[0mGET /users/profile/6103e6b4f9382128bc813ed7 [36m304[0m 15.205 ms - -[0m
[0mGET /users/profile/6103e6b4f9382128bc813ed7 [36m304[0m 17.308 ms - -[0m
[0mGET /users/profile/6103e6b4f9382128bc813ed7 [36m304[0m 17.526 ms - -[0m
[0mGET /users/profile/6103e6b4f9382128bc813ed7 [36m304[0m 13.356 ms - -[0m
[0mGET /users/profile/6103e6b4f9382128bc813ed7 [36m304[0m 13.632 ms - -[0m
[0mGET /users/profile/6103e6b4f9382128bc813ed7 [36m304[0m 11.361 ms - -[0m
[0mGET /users/profile/6103e6b4f9382128bc813ed7 [36m304[0m 13.717 ms - -[0m
[0mGET /users/profile/6103e6b4f9382128bc813ed7 [36m304[0m 14.159 ms - -[0m
[0mGET /users/profile/6103e6b4f9382128bc813ed7 [36m304[0m 14.275 ms - -[0m
[0mGET / [32m200[0m 63.853 ms - 10672[0m
[0mGET /users/profile/6103e825f9382128bc813edc [32m200[0m 77.372 ms - 2126[0m
[0mGET / [36m304[0m 61.246 ms - -[0m
[0mGET /users/profile/6103e825f9382128bc813edc [36m304[0m 14.076 ms - -[0m
[0mGET / [36m304[0m 67.922 ms - -[0m
[0mGET /users/profile/6103e818f9382128bc813edb [32m200[0m 16.767 ms - 2125[0m
[0mGET / [36m304[0m 67.004 ms - -[0m
[0mGET /users/profile/6103e6b4f9382128bc813ed7 [36m304[0m 18.100 ms - -[0m
[0mGET / [36m304[0m 66.789 ms - -[0m
[0mGET /users/profile/6103e818f9382128bc813edb [36m304[0m 15.197 ms - -[0m
[0mGET / [36m304[0m 50.858 ms - -[0m
[0mGET /users/profile/6103e6b4f9382128bc813ed7 [36m304[0m 13.583 ms - -[0m
[0mGET /users/profile/6103e6b4f9382128bc813ed7 [36m304[0m 10.006 ms - -[0m
[0mGET /users/profile/6103e6b4f9382128bc813ed7 [36m304[0m 12.561 ms - -[0m
[0mGET /users/profile/6103e6b4f9382128bc813ed7 [36m304[0m 13.302 ms - -[0m
[0mGET /users/profile/6103e6b4f9382128bc813ed7 [36m304[0m 14.221 ms - -[0m
[0mGET /users/profile/6103e6b4f9382128bc813ed7 [36m304[0m 9.713 ms - -[0m
[0mGET /users/profile/6103e6b4f9382128bc813ed7 [36m304[0m 11.670 ms - -[0m
[0mGET /users/profile/6103e6b4f9382128bc813ed7 [36m304[0m 12.034 ms - -[0m
[0mGET /users/profile/6103e6b4f9382128bc813ed7 [36m304[0m 14.339 ms - -[0m
[0mGET /users/profile/6103e6b4f9382128bc813ed7 [32m200[0m 13.010 ms - 2305[0m
[0mGET /users/profile/6103e6b4f9382128bc813ed7 [36m304[0m 14.237 ms - -[0m
[0mGET /users/profile/6103e6b4f9382128bc813ed7 [36m304[0m 12.420 ms - -[0m
[0mGET /users/profile/6103e6b4f9382128bc813ed7 [36m304[0m 12.374 ms - -[0m
[0mGET /users/profile/6103e6b4f9382128bc813ed7 [32m200[0m 13.917 ms - 2294[0m
[0mGET /users/profile/6103e6b4f9382128bc813ed7 [36m304[0m 13.043 ms - -[0m
[0mGET /users/profile/6103e6b4f9382128bc813ed7 [36m304[0m 13.450 ms - -[0m
[0mGET /users/profile/6103e6b4f9382128bc813ed7 [36m304[0m 13.163 ms - -[0m
[0mGET /users/profile/6103e6b4f9382128bc813ed7 [36m304[0m 12.389 ms - -[0m
[0mGET /users/profile/6103e6b4f9382128bc813ed7 [36m304[0m 14.523 ms - -[0m
[0mGET /users/profile/6103e6b4f9382128bc813ed7 [36m304[0m 14.815 ms - -[0m
[0mGET /users/profile/6103e6b4f9382128bc813ed7 [36m304[0m 14.438 ms - -[0m
[0mGET /users/profile/6103e6b4f9382128bc813ed7 [36m304[0m 9.911 ms - -[0m
[0mGET /users/profile/6103e6b4f9382128bc813ed7 [36m304[0m 11.963 ms - -[0m
[0mGET /users/profile/6103e6b4f9382128bc813ed7 [36m304[0m 11.399 ms - -[0m
[0mGET /users/profile/6103e6b4f9382128bc813ed7 [36m304[0m 10.823 ms - -[0m
[0mGET / [36m304[0m 64.982 ms - -[0m
[0mGET /users/profile/6103e818f9382128bc813edb [32m200[0m 12.720 ms - 2114[0m
[0mGET / [36m304[0m 62.998 ms - -[0m
[0mGET /users/profile/6103e825f9382128bc813edc [32m200[0m 13.122 ms - 2115[0m
[0mGET / [36m304[0m 49.795 ms - -[0m
[0mGET /users/profile/6103e6b4f9382128bc813ed7 [36m304[0m 11.152 ms - -[0m
[0mGET / [36m304[0m 53.860 ms - -[0m
[0mGET /users/profile/6103e818f9382128bc813edb [36m304[0m 13.977 ms - -[0m
[0mGET / [36m304[0m 39.866 ms - -[0m
[0mGET /users/profile/6103e6b4f9382128bc813ed7 [36m304[0m 18.379 ms - -[0m
[0mGET /users/profile/6103e6b4f9382128bc813ed7 [36m304[0m 13.607 ms - -[0m
[0mGET /users/profile/6103e6b4f9382128bc813ed7 [36m304[0m 12.292 ms - -[0m
[0mGET /users/profile/6103e6b4f9382128bc813ed7 [36m304[0m 13.455 ms - -[0m
[0mGET /users/profile/6103e6b4f9382128bc813ed7 [36m304[0m 12.834 ms - -[0m
[0mGET / [36m304[0m 51.163 ms - -[0m
[0mGET /users/profile/6103e818f9382128bc813edb [36m304[0m 13.606 ms - -[0m
[0mGET / [36m304[0m 55.422 ms - -[0m
[0mGET /users/profile/6103e825f9382128bc813edc [36m304[0m 13.826 ms - -[0m
[0mGET / [36m304[0m 55.340 ms - -[0m
[0mGET /users/profile/6103e6b4f9382128bc813ed7 [36m304[0m 11.169 ms - -[0m
[0mGET / [36m304[0m 53.819 ms - -[0m
[0mGET /users/profile/6103e818f9382128bc813edb [36m304[0m 19.791 ms - -[0m
[0mGET / [36m304[0m 47.612 ms - -[0m
[0mGET /users/profile/6103e825f9382128bc813edc [36m304[0m 13.394 ms - -[0m
[0mGET /users/profile/6103e825f9382128bc813edc [36m304[0m 10.720 ms - -[0m
[0mGET / [36m304[0m 41.692 ms - -[0m
[0mGET /users/profile/6103e6b4f9382128bc813ed7 [36m304[0m 12.068 ms - -[0m
[0mGET / [36m304[0m 54.907 ms - -[0m
[0mGET /users/profile/6103e818f9382128bc813edb [36m304[0m 12.895 ms - -[0m
[0mGET / [36m304[0m 59.290 ms - -[0m
[0mGET /users/profile/6103e6b4f9382128bc813ed7 [36m304[0m 12.789 ms - -[0m
[0mGET /users/profile/6103e6b4f9382128bc813ed7 [36m304[0m 10.756 ms - -[0m
[0mGET / [36m304[0m 54.798 ms - -[0m
[0mGET /users/profile/6103e818f9382128bc813edb [36m304[0m 12.318 ms - -[0m
[0mGET / [36m304[0m 58.546 ms - -[0m
[0mGET /users/profile/6103e825f9382128bc813edc [36m304[0m 12.971 ms - -[0m
[0mGET / [36m304[0m 41.810 ms - -[0m
[0mGET /users/profile/6103e6b4f9382128bc813ed7 [36m304[0m 10.799 ms - -[0m
[0mGET /users/profile/6103e6b4f9382128bc813ed7 [36m304[0m 8.417 ms - -[0m
[0mGET / [36m304[0m 54.268 ms - -[0m
[0mGET /users/profile/6103e6b4f9382128bc813ed7 [36m304[0m 13.738 ms - -[0m
[0mGET / [36m304[0m 58.001 ms - -[0m
[0mGET /users/profile/6103e825f9382128bc813edc [36m304[0m 9.942 ms - -[0m
[0mGET / [36m304[0m 56.410 ms - -[0m
[0mGET /users/profile/6103e818f9382128bc813edb [36m304[0m 12.884 ms - -[0m
[0mGET / [36m304[0m 50.703 ms - -[0m
[0mGET /users/profile/6103e6b4f9382128bc813ed7 [36m304[0m 10.067 ms - -[0m
[0mGET /users/profile/6103e6b4f9382128bc813ed7 [36m304[0m 12.943 ms - -[0m
[0mGET / [36m304[0m 59.094 ms - -[0m
[0mGET /users/profile/6103e818f9382128bc813edb [36m304[0m 14.655 ms - -[0m
[0mGET / [36m304[0m 51.116 ms - -[0m
[0mGET /users/profile/6103e825f9382128bc813edc [36m304[0m 13.846 ms - -[0m
[0mGET /users/profile/6103e825f9382128bc813edc [36m304[0m 12.955 ms - -[0m
[0mGET / [36m304[0m 55.743 ms - -[0m
[0mGET /users/profile/6103e6b4f9382128bc813ed7 [36m304[0m 11.645 ms - -[0m
[0mGET / [36m304[0m 44.367 ms - -[0m
[0mGET /users/profile/6103e818f9382128bc813edb [36m304[0m 12.003 ms - -[0m
[0mGET / [36m304[0m 45.653 ms - -[0m
[0mGET /users/profile/6103e825f9382128bc813edc [36m304[0m 12.302 ms - -[0m
[0mGET / [36m304[0m 62.452 ms - -[0m
[0mGET /users/profile/6103e6b4f9382128bc813ed7 [36m304[0m 14.271 ms - -[0m
[0mGET / [36m304[0m 43.542 ms - -[0m
[0mGET /users/profile/6103e818f9382128bc813edb [36m304[0m 13.573 ms - -[0m
[0mGET / [36m304[0m 39.978 ms - -[0m
[0mGET /users/profile/6103e6b4f9382128bc813ed7 [36m304[0m 11.790 ms - -[0m
[0mGET / [36m304[0m 44.273 ms - -[0m
[0mGET / [32m200[0m 110.439 ms - 2306[0m
[0mGET /favicon.ico [33m404[0m 17.267 ms - 150[0m
[0mGET /users/sign-in [32m200[0m 13.601 ms - 2302[0m
[0mGET /users/sign-up [32m200[0m 12.791 ms - 2492[0m
[0mPOST /users/create [36m302[0m 43.600 ms - 72[0m
[0mGET /users/sign-in [36m304[0m 5.019 ms - -[0m
[0mPOST /users/create-session [36m302[0m 12.421 ms - 46[0m
[0mGET / [32m200[0m 37.527 ms - 2971[0m
[0mPOST /posts/create [32m200[0m 33.110 ms - 275[0m
[0mGET /users/profile/610e6989b028e513c478fb6e [32m200[0m 32.898 ms - 2251[0m
[0mGET / [32m200[0m 40.058 ms - 4012[0m
[0mPOST /comments/create [36m302[0m 88.420 ms - 46[0m
[0mGET / [32m200[0m 110.572 ms - 5028[0m
[0mPOST /likes/toggle/?id=610e69b2b028e513c478fb6f&type=Post [32m200[0m 29.291 ms - 59[0m
[0mGET / [32m200[0m 105.871 ms - 3617[0m
[0mGET /users/sign-up [36m304[0m 21.264 ms - -[0m
[0mPOST /users/create [36m302[0m 51.661 ms - 72[0m
[0mGET /users/sign-in [36m304[0m 14.853 ms - -[0m
[0mPOST /users/create-session [36m302[0m 13.084 ms - 46[0m
[0mGET / [32m200[0m 76.690 ms - 4879[0m
[0mPOST /comments/create [36m302[0m 32.724 ms - 46[0m
[0mGET / [32m200[0m 119.743 ms - 5702[0m
[0mPOST /likes/toggle/?id=610e69b2b028e513c478fb6f&type=Post [32m200[0m 14.838 ms - 59[0m
[0mPOST /likes/toggle/?id=610e862afc6d222b80222e18&type=Comment [32m200[0m 13.383 ms - 59[0m
[0mPOST /posts/create [32m200[0m 9.226 ms - 273[0m
[0mPOST /comments/create [32m200[0m 17.781 ms - 543[0m
[0mGET /users/sign-out [36m302[0m 10.088 ms - 46[0m
[0mGET / [32m200[0m 38.035 ms - 5616[0m
[0mGET / [32m200[0m 146.078 ms - 5427[0m
[0mGET /users/sign-up [36m304[0m 11.665 ms - -[0m
[0mPOST /users/create [36m302[0m 36.813 ms - 72[0m
[0mGET /users/sign-in [36m304[0m 7.436 ms - -[0m
[0mPOST /users/create-session [36m302[0m 11.981 ms - 46[0m
[0mGET / [32m200[0m 50.196 ms - 7446[0m
[0mPOST /posts/create [32m200[0m 11.055 ms - 270[0m
[0mPOST /comments/create [32m200[0m 21.683 ms - 538[0m
[0mPOST /likes/toggle/?id=610e69b2b028e513c478fb6f&type=Post [32m200[0m 17.510 ms - 59[0m
[0mPOST /likes/toggle/?id=610e863ffc6d222b80222e1e&type=Comment [32m200[0m 12.313 ms - 59[0m
[0mPOST /likes/toggle/?id=610e8631fc6d222b80222e1d&type=Post [32m200[0m 10.484 ms - 59[0m
[0mGET /users/profile/610e87cbe042b6271c87aa88 [32m200[0m 33.553 ms - 2240[0m
[0mPOST /users/update/610e87cbe042b6271c87aa88 [36m302[0m 63.708 ms - 164[0m
[0mGET /users/profile/610e87cbe042b6271c87aa88 [32m200[0m 15.712 ms - 2283[0m
[0mGET / [32m200[0m 80.622 ms - 9309[0m
[0mGET /users/profile/610e6989b028e513c478fb6e [32m200[0m 21.310 ms - 2064[0m
[0mGET /friendships/toggle/610e6989b028e513c478fb6e [32m200[0m 38.849 ms - 61[0m
[0mGET / [32m200[0m 61.289 ms - 9821[0m
[0mGET /users/profile/610e8621fc6d222b80222e17 [32m200[0m 18.446 ms - 2063[0m
[0mGET /friendships/toggle/610e8621fc6d222b80222e17 [32m200[0m 18.936 ms - 61[0m
[0mGET / [32m200[0m 54.985 ms - 10331[0m
[0mGET /users/profile/610e8621fc6d222b80222e17 [32m200[0m 29.191 ms - 2066[0m
[0mGET /users/sign-out [36m302[0m 10.137 ms - 46[0m
[0mGET / [32m200[0m 43.006 ms - 6912[0m
[0mGET /users/sign-in [36m304[0m 8.688 ms - -[0m
[0mPOST /users/create-session [36m302[0m 8.761 ms - 46[0m
[0mGET / [32m200[0m 65.617 ms - 10174[0m
[0mGET /users/profile/610e6989b028e513c478fb6e [32m200[0m 22.320 ms - 2251[0m
[0mPOST /users/update/610e6989b028e513c478fb6e [36m302[0m 37.335 ms - 164[0m
[0mGET /users/profile/610e6989b028e513c478fb6e [32m200[0m 15.444 ms - 2294[0m
[0mGET / [32m200[0m 56.832 ms - 9983[0m
[0mGET /users/profile/610e8621fc6d222b80222e17 [32m200[0m 18.896 ms - 2068[0m
[0mGET /friendships/toggle/610e8621fc6d222b80222e17 [36m304[0m 18.740 ms - -[0m
[0mGET / [32m200[0m 65.496 ms - 10493[0m
[0mGET /users/sign-out [36m302[0m 7.706 ms - 46[0m
[0mGET / [32m200[0m 36.917 ms - 6912[0m
[0mGET /users/sign-in [36m304[0m 7.689 ms - -[0m
[0mPOST /users/create-session [36m302[0m 7.251 ms - 46[0m
[0mGET / [32m200[0m 47.518 ms - 10683[0m
[0mGET /users/profile/610e8621fc6d222b80222e17 [32m200[0m 21.340 ms - 2248[0m
[0mPOST /users/update/610e8621fc6d222b80222e17 [36m302[0m 16.785 ms - 164[0m
[0mGET /users/profile/610e8621fc6d222b80222e17 [32m200[0m 15.746 ms - 2291[0m
[0mPOST /users/update/610e8621fc6d222b80222e17 [36m302[0m 71.701 ms - 164[0m
[0mGET /users/profile/610e8621fc6d222b80222e17 [32m200[0m 17.278 ms - 2291[0m
[0mGET / [32m200[0m 66.499 ms - 10492[0m
[0mGET /users/profile/610e87cbe042b6271c87aa88 [32m200[0m 21.357 ms - 2107[0m
[0mGET / [36m304[0m 56.913 ms - -[0m
[0mGET /users/sign-out [36m302[0m 7.613 ms - 46[0m
[0mGET / [32m200[0m 38.799 ms - 6912[0m
[0mGET / [32m200[0m 307.326 ms - 6723[0m
[0mGET /favicon.ico [33m404[0m 19.224 ms - 150[0m
[0mGET /users/sign-in [32m200[0m 14.715 ms - 2302[0m
[0mPOST /users/create-session [36m302[0m 19.493 ms - 46[0m
[0mGET / [32m200[0m 87.920 ms - 10683[0m
[0mGET /users/profile/610e8621fc6d222b80222e17 [32m200[0m 29.961 ms - 2291[0m
[0mGET / [32m200[0m 57.935 ms - 10492[0m
[0mGET /users/profile/610e8621fc6d222b80222e17 [36m304[0m 21.528 ms - -[0m
[0mGET / [36m304[0m 65.146 ms - -[0m
[0mGET /users/profile/610e6989b028e513c478fb6e [32m200[0m 20.737 ms - 2113[0m
[0mGET / [36m304[0m 87.593 ms - -[0m
[0mGET /users/profile/610e87cbe042b6271c87aa88 [32m200[0m 21.471 ms - 2107[0m
[0mGET / [36m304[0m 61.219 ms - -[0m
[0mGET /users/sign-out [36m302[0m 8.203 ms - 46[0m
[0mGET / [32m200[0m 39.432 ms - 6912[0m
[0mGET / [32m200[0m 175.732 ms - 6723[0m
[0mGET /favicon.ico [33m404[0m 14.972 ms - 150[0m
[0mGET /users/sign-in [32m200[0m 11.876 ms - 2302[0m
[0mPOST /users/create-session [36m302[0m 14.997 ms - 46[0m
[0mGET / [32m200[0m 47.862 ms - 10683[0m
[0mGET /users/profile/610e6989b028e513c478fb6e [32m200[0m 21.347 ms - 2113[0m
[0mGET / [32m200[0m 55.814 ms - 10492[0m
[0mGET /users/profile/610e8621fc6d222b80222e17 [36m304[0m 15.746 ms - -[0m
[0mGET /users/profile/610e8621fc6d222b80222e17 [36m304[0m 16.282 ms - -[0m
[0mGET /users/profile/610e8621fc6d222b80222e17 [36m304[0m 16.196 ms - -[0m
[0mGET /users/profile/610e8621fc6d222b80222e17 [36m304[0m 13.743 ms - -[0m
[0mGET /users/profile/610e8621fc6d222b80222e17 [36m304[0m 17.617 ms - -[0m
[0mGET /users/profile/610e8621fc6d222b80222e17 [32m200[0m 16.738 ms - 2303[0m
[0mGET /users/profile/610e8621fc6d222b80222e17 [36m304[0m 16.883 ms - -[0m
[0mPOST /users/update/610e8621fc6d222b80222e17 [36m302[0m 19.531 ms - 164[0m
[0mGET /users/profile/610e8621fc6d222b80222e17 [36m304[0m 12.924 ms - -[0m
[0mGET /users/profile/610e8621fc6d222b80222e17 [36m304[0m 15.582 ms - -[0m
[0mGET /users/profile/610e8621fc6d222b80222e17 [36m304[0m 15.970 ms - -[0m
[0mGET /users/profile/610e8621fc6d222b80222e17 [36m304[0m 13.057 ms - -[0m
[0mGET /users/profile/610e8621fc6d222b80222e17 [36m304[0m 17.764 ms - -[0m
[0mGET /users/profile/610e8621fc6d222b80222e17 [36m304[0m 17.523 ms - -[0m
[0mGET /users/profile/610e8621fc6d222b80222e17 [36m304[0m 13.454 ms - -[0m
[0mGET /users/profile/610e8621fc6d222b80222e17 [36m304[0m 14.725 ms - -[0m
[0mGET /users/profile/610e8621fc6d222b80222e17 [36m304[0m 22.193 ms - -[0m
[0mGET /users/profile/610e8621fc6d222b80222e17 [36m304[0m 15.246 ms - -[0m
[0mGET /users/profile/610e8621fc6d222b80222e17 [36m304[0m 14.053 ms - -[0m
[0mGET /users/profile/610e8621fc6d222b80222e17 [36m304[0m 18.561 ms - -[0m
[0mGET /users/profile/610e8621fc6d222b80222e17 [36m304[0m 14.478 ms - -[0m
[0mGET /users/profile/610e8621fc6d222b80222e17 [36m304[0m 14.029 ms - -[0m
[0mGET /users/profile/610e8621fc6d222b80222e17 [36m304[0m 14.349 ms - -[0m
[0mGET /users/profile/610e8621fc6d222b80222e17 [36m304[0m 13.723 ms - -[0m
[0mGET /users/profile/610e8621fc6d222b80222e17 [36m304[0m 14.941 ms - -[0m
[0mGET /users/profile/610e8621fc6d222b80222e17 [36m304[0m 14.497 ms - -[0m
[0mGET /users/profile/610e8621fc6d222b80222e17 [36m304[0m 21.157 ms - -[0m
[0mGET /users/profile/610e8621fc6d222b80222e17 [36m304[0m 16.719 ms - -[0m
[0mGET /users/profile/610e8621fc6d222b80222e17 [36m304[0m 17.665 ms - -[0m
[0mGET /users/profile/610e8621fc6d222b80222e17 [36m304[0m 17.847 ms - -[0m
[0mGET /users/profile/610e8621fc6d222b80222e17 [36m304[0m 12.141 ms - -[0m
[0mGET /users/profile/610e8621fc6d222b80222e17 [36m304[0m 11.536 ms - -[0m
[0mGET /users/profile/610e8621fc6d222b80222e17 [36m304[0m 13.778 ms - -[0m
[0mGET / [36m304[0m 41.259 ms - -[0m
[0mGET /users/profile/610e8621fc6d222b80222e17 [36m304[0m 15.447 ms - -[0m
[0mGET / [36m304[0m 39.360 ms - -[0m
[0mGET /users/profile/610e6989b028e513c478fb6e [36m304[0m 15.101 ms - -[0m
[0mGET / [36m304[0m 44.173 ms - -[0m
[0mGET /users/profile/610e87cbe042b6271c87aa88 [32m200[0m 11.926 ms - 2107[0m
[0mGET / [36m304[0m 81.681 ms - -[0m
[0mGET /users/profile/610e8621fc6d222b80222e17 [36m304[0m 13.627 ms - -[0m
[0mGET / [36m304[0m 45.721 ms - -[0m
[0mGET /users/profile/610e6989b028e513c478fb6e [36m304[0m 16.208 ms - -[0m
[0mGET / [36m304[0m 51.980 ms - -[0m
[0mGET /users/profile/610e6989b028e513c478fb6e [36m304[0m 14.235 ms - -[0m
[0mGET /users/profile/610e6989b028e513c478fb6e [36m304[0m 15.608 ms - -[0m
[0mGET /users/profile/610e6989b028e513c478fb6e [36m304[0m 15.904 ms - -[0m
[0mGET /users/profile/610e6989b028e513c478fb6e [36m304[0m 15.106 ms - -[0m
[0mGET /users/profile/610e6989b028e513c478fb6e [36m304[0m 13.258 ms - -[0m
[0mGET /users/profile/610e6989b028e513c478fb6e [36m304[0m 19.072 ms - -[0m
[0mGET /users/profile/610e6989b028e513c478fb6e [36m304[0m 14.927 ms - -[0m
[0mGET /users/profile/610e6989b028e513c478fb6e [36m304[0m 15.079 ms - -[0m
[0mGET /users/profile/610e6989b028e513c478fb6e [36m304[0m 14.589 ms - -[0m
[0mGET /users/profile/610e6989b028e513c478fb6e [36m304[0m 13.439 ms - -[0m
[0mGET /users/profile/610e6989b028e513c478fb6e [36m304[0m 21.880 ms - -[0m
[0mGET /users/profile/610e6989b028e513c478fb6e [32m200[0m 14.724 ms - 2125[0m
[0mGET /users/profile/610e6989b028e513c478fb6e [36m304[0m 15.645 ms - -[0m
[0mGET /users/profile/610e6989b028e513c478fb6e [36m304[0m 17.678 ms - -[0m
[0mGET /users/profile/610e6989b028e513c478fb6e [36m304[0m 14.155 ms - -[0m
[0mGET /users/profile/610e6989b028e513c478fb6e [36m304[0m 18.153 ms - -[0m
[0mGET /users/profile/610e6989b028e513c478fb6e [36m304[0m 18.636 ms - -[0m
[0mGET /users/profile/610e6989b028e513c478fb6e [36m304[0m 14.242 ms - -[0m
[0mGET /users/profile/610e6989b028e513c478fb6e [36m304[0m 11.748 ms - -[0m
[0mGET / [36m304[0m 38.437 ms - -[0m
[0mGET /users/profile/610e8621fc6d222b80222e17 [36m304[0m 12.866 ms - -[0m
[0mGET / [36m304[0m 36.560 ms - -[0m
[0mGET /users/profile/610e87cbe042b6271c87aa88 [32m200[0m 13.440 ms - 2119[0m
[0mGET / [36m304[0m 53.809 ms - -[0m
[0mGET /users/profile/610e6989b028e513c478fb6e [36m304[0m 14.839 ms - -[0m
[0mGET /friendships/toggle/610e6989b028e513c478fb6e [32m200[0m 14.243 ms - 62[0m
[0mGET /users/profile/610e6989b028e513c478fb6e [32m200[0m 15.994 ms - 2119[0m
[0mGET / [32m200[0m 51.006 ms - 9981[0m
[0mGET /users/profile/610e6989b028e513c478fb6e [36m304[0m 13.457 ms - -[0m
[0mGET / [36m304[0m 35.629 ms - -[0m
[0mGET /users/profile/610e87cbe042b6271c87aa88 [36m304[0m 14.338 ms - -[0m
[0mGET / [36m304[0m 43.619 ms - -[0m
[0mGET /users/profile/610e6989b028e513c478fb6e [36m304[0m 14.249 ms - -[0m
[0mGET /friendships/toggle/610e6989b028e513c478fb6e [32m200[0m 14.288 ms - 61[0m
[0mGET /users/profile/610e6989b028e513c478fb6e [32m200[0m 15.344 ms - 2125[0m
[0mGET /users/profile/610e6989b028e513c478fb6e [32m200[0m 18.769 ms - 2114[0m
[0mGET /users/profile/610e6989b028e513c478fb6e [36m304[0m 89.971 ms - -[0m
[0mGET /friendships/toggle/610e6989b028e513c478fb6e [32m200[0m 17.834 ms - 62[0m
[0mGET /friendships/toggle/610e6989b028e513c478fb6e [32m200[0m 18.590 ms - 61[0m
[0mGET /friendships/toggle/610e6989b028e513c478fb6e [32m200[0m 14.326 ms - 62[0m
[0mGET /friendships/toggle/610e6989b028e513c478fb6e [32m200[0m 12.637 ms - 61[0m
[0mGET / [32m200[0m 78.133 ms - 10493[0m
[0mGET /users/profile/610e8621fc6d222b80222e17 [36m304[0m 16.898 ms - -[0m
[0mGET / [36m304[0m 52.127 ms - -[0m
[0mGET /users/profile/610e87cbe042b6271c87aa88 [32m200[0m 15.778 ms - 2108[0m
[0mGET /friendships/toggle/610e87cbe042b6271c87aa88 [32m200[0m 12.734 ms - 62[0m
[0mGET /friendships/toggle/610e87cbe042b6271c87aa88 [32m200[0m 12.943 ms - 61[0m
[0mGET /friendships/toggle/610e87cbe042b6271c87aa88 [32m200[0m 9.927 ms - 62[0m
[0mGET /friendships/toggle/610e87cbe042b6271c87aa88 [32m200[0m 12.964 ms - 61[0m
[0mGET /friendships/toggle/610e87cbe042b6271c87aa88 [32m200[0m 11.889 ms - 62[0m
[0mGET /friendships/toggle/610e87cbe042b6271c87aa88 [32m200[0m 12.652 ms - 61[0m
[0mGET / [32m200[0m 56.263 ms - 10494[0m
[0mGET /users/profile/610e6989b028e513c478fb6e [36m304[0m 14.423 ms - -[0m
[0mGET /friendships/toggle/610e6989b028e513c478fb6e [32m200[0m 12.245 ms - 62[0m
[0mGET /friendships/toggle/610e6989b028e513c478fb6e [32m200[0m 14.005 ms - 61[0m
[0mGET /users/profile/610e6989b028e513c478fb6e [32m200[0m 19.030 ms - 2128[0m
[0mGET / [32m200[0m 55.853 ms - 10494[0m
[0mGET /users/profile/610e8621fc6d222b80222e17 [36m304[0m 14.623 ms - -[0m
[0mGET / [36m304[0m 45.105 ms - -[0m
[0mGET /users/profile/610e87cbe042b6271c87aa88 [32m200[0m 14.622 ms - 2122[0m
[0mGET /friendships/toggle/610e87cbe042b6271c87aa88 [32m200[0m 10.143 ms - 62[0m
[0mGET / [32m200[0m 47.188 ms - 9987[0m
[0mGET /users/profile/610e87cbe042b6271c87aa88 [32m200[0m 24.203 ms - 2116[0m
[0mGET /friendships/toggle/610e87cbe042b6271c87aa88 [32m200[0m 10.644 ms - 61[0m
[0mGET / [32m200[0m 39.855 ms - 10494[0m
[0mGET /users/profile/610e6989b028e513c478fb6e [36m304[0m 15.498 ms - -[0m
[0mGET /friendships/toggle/610e6989b028e513c478fb6e [32m200[0m 13.705 ms - 62[0m
[0mGET /friendships/toggle/610e6989b028e513c478fb6e [32m200[0m 46.874 ms - 61[0m
[0mGET /friendships/toggle/610e6989b028e513c478fb6e [32m200[0m 13.131 ms - 62[0m
[0mGET /friendships/toggle/610e6989b028e513c478fb6e [32m200[0m 13.850 ms - 61[0m
[0mGET /friendships/toggle/610e6989b028e513c478fb6e [32m200[0m 11.824 ms - 62[0m
[0mGET /friendships/toggle/610e6989b028e513c478fb6e [32m200[0m 19.226 ms - 61[0m
[0mGET / [32m200[0m 64.561 ms - 10494[0m
[0mGET /users/profile/610e87cbe042b6271c87aa88 [32m200[0m 19.849 ms - 2122[0m
[0mGET /friendships/toggle/610e87cbe042b6271c87aa88 [32m200[0m 10.784 ms - 62[0m
[0mGET / [32m200[0m 51.353 ms - 9987[0m
[0mGET /users/profile/610e87cbe042b6271c87aa88 [32m200[0m 20.104 ms - 2116[0m
[0mGET /friendships/toggle/610e87cbe042b6271c87aa88 [32m200[0m 14.721 ms - 61[0m
[0mGET / [32m200[0m 48.549 ms - 10494[0m
[0mGET / [36m304[0m 116.659 ms - -[0m
[0mGET /users/profile/610e6989b028e513c478fb6e [36m304[0m 18.197 ms - -[0m
[0mGET /friendships/toggle/610e6989b028e513c478fb6e [32m200[0m 16.796 ms - 62[0m
[0mGET /friendships/toggle/610e6989b028e513c478fb6e [32m200[0m 16.524 ms - 61[0m
[0mGET /friendships/toggle/610e6989b028e513c478fb6e [32m200[0m 11.189 ms - 62[0m
[0mGET /friendships/toggle/610e6989b028e513c478fb6e [32m200[0m 13.477 ms - 61[0m
[0mGET /friendships/toggle/610e6989b028e513c478fb6e [32m200[0m 11.247 ms - 62[0m
[0mGET /friendships/toggle/610e6989b028e513c478fb6e [32m200[0m 66.421 ms - 61[0m
[0mGET /users/profile/610e6989b028e513c478fb6e [36m304[0m 29.176 ms - -[0m
[0mGET /friendships/toggle/610e6989b028e513c478fb6e [32m200[0m 14.660 ms - 62[0m
[0mGET /friendships/toggle/610e6989b028e513c478fb6e [32m200[0m 13.121 ms - 61[0m
[0mGET /friendships/toggle/610e6989b028e513c478fb6e [32m200[0m 11.686 ms - 62[0m
[0mGET /friendships/toggle/610e6989b028e513c478fb6e [32m200[0m 12.602 ms - 61[0m
[0mGET /friendships/toggle/610e6989b028e513c478fb6e [32m200[0m 9.682 ms - 62[0m
[0mGET /friendships/toggle/610e6989b028e513c478fb6e [32m200[0m 12.861 ms - 61[0m
[0mGET /users/profile/610e6989b028e513c478fb6e [36m304[0m 79.700 ms - -[0m
[0mGET /friendships/toggle/610e6989b028e513c478fb6e [32m200[0m 16.801 ms - 62[0m
[0mGET /friendships/toggle/610e6989b028e513c478fb6e [32m200[0m 16.293 ms - 61[0m
[0mGET /friendships/toggle/610e6989b028e513c478fb6e [32m200[0m 12.641 ms - 62[0m
[0mGET /friendships/toggle/610e6989b028e513c478fb6e [32m200[0m 13.962 ms - 61[0m
[0mGET / [32m200[0m 59.511 ms - 10494[0m
[0mGET /users/profile/610e87cbe042b6271c87aa88 [32m200[0m 17.662 ms - 2122[0m
[0mGET / [36m304[0m 64.900 ms - -[0m
[0mGET /users/profile/610e8621fc6d222b80222e17 [36m304[0m 14.509 ms - -[0m
[0mGET / [36m304[0m 57.035 ms - -[0m
[0mGET /users/profile/610e6989b028e513c478fb6e [36m304[0m 14.198 ms - -[0m
[0mGET /friendships/toggle/610e6989b028e513c478fb6e [32m200[0m 12.893 ms - 62[0m
[0mGET /friendships/toggle/610e6989b028e513c478fb6e [32m200[0m 12.783 ms - 61[0m
[0mGET / [32m200[0m 79.254 ms - 10494[0m
[0mGET /users/profile/610e87cbe042b6271c87aa88 [36m304[0m 51.421 ms - -[0m
[0mGET / [36m304[0m 61.518 ms - -[0m
[0mGET /users/profile/610e6989b028e513c478fb6e [36m304[0m 17.412 ms - -[0m
[0mGET / [36m304[0m 58.977 ms - -[0m
[0mGET /users/profile/610e6989b028e513c478fb6e [36m304[0m 19.131 ms - -[0m
[0mGET / [36m304[0m 55.272 ms - -[0m
[0mGET /users/profile/610e8621fc6d222b80222e17 [36m304[0m 15.526 ms - -[0m
[0mGET / [36m304[0m 44.302 ms - -[0m
[0mGET /users/profile/610e87cbe042b6271c87aa88 [36m304[0m 16.565 ms - -[0m
[0mGET / [36m304[0m 59.464 ms - -[0m
[0mGET / [36m304[0m 116.183 ms - -[0m
[0mPOST /comments/create [36m302[0m 106.930 ms - 46[0m
[0mGET / [32m200[0m 95.541 ms - 11508[0m
[0mGET / [32m200[0m 54.055 ms - 11324[0m
[0mGET / [36m304[0m 50.264 ms - -[0m
[0mGET /comments/destroy/6120ee4d18c6e32cb4139b5c [36m302[0m 34.553 ms - 88[0m
[0mGET / [32m200[0m 46.290 ms - 10679[0m
[0mGET / [32m200[0m 44.989 ms - 10494[0m
[0mGET /users/sign-out [36m302[0m 9.589 ms - 46[0m
[0mGET / [32m200[0m 39.574 ms - 6912[0m
[0mGET /users/sign-in [36m304[0m 8.187 ms - -[0m
[0mPOST /users/create-session [36m302[0m 6.796 ms - 46[0m
[0mGET / [32m200[0m 43.209 ms - 10685[0m
[0mGET /users/sign-out [36m302[0m 9.840 ms - 46[0m
[0mGET / [32m200[0m 23.678 ms - 6912[0m
